<testsuites name="jest tests">
  <testsuite name="\src\App.test.js" tests="1" errors="0" failures="0" skipped="0" timestamp="2017-11-01T14:19:15" time="1.774">
    <testcase classname="-renders without crashing" name="-renders without crashing" time="0.025">
    </testcase>
  </testsuite>
</testsuites>