<testsuites name="jest tests">
  <testsuite name="\src\test\sum.test.js" tests="1" errors="0" failures="0" skipped="0" timestamp="2017-10-26T13:14:35" time="0.35">
    <testcase classname="addition test › positive numbers-adds 1 + 2 to equal 3" name="addition test › positive numbers-adds 1 + 2 to equal 3" time="0">
    </testcase>
  </testsuite>
  <testsuite name="\src\App.test.js" tests="1" errors="0" failures="0" skipped="0" timestamp="2017-10-26T13:14:36" time="0.419">
    <testcase classname="-renders without crashing" name="-renders without crashing" time="0.028">
    </testcase>
  </testsuite>
</testsuites>